***********************************************************************
*
*	CODE GENERATION LISTING FOR: ACT 1
*	COMPILER VERSION: 5.10.0.9
*
***********************************************************************

***********************************************************************
UNUSED FUNCTIONS:

	DEAD_BAND
	SGN
***********************************************************************

***********************************************************************
UNUSED FUNCTION BLOCKS:

	CTUD_UDINT
	CTUD_DINT
	CTUD
	CTU_UDINT
	CTU
	CTU_DINT
	CTD_UDINT
	CTD_DINT
	CTD
	R_TRIG
	F_TRIG
	SR
	RS
	TP
	TON
	TOF
	FT_DERIV
	FT_INT
	FT_PID
***********************************************************************

**************************************************
	List program: MAIN
**************************************************

PROGRAM MAIN

END_PROGRAM

35000090  E24DD008		sub sp, sp, #8
35000094  E58DE000		str lr, [sp]
35000098  E92D0FF0		stmdb sp!, { r4, r5, r6, r7, r8, r9, r10, r11 }

#0		{SRC:MAIN}
#1		(*$WAITSWITCH$*)
#2		
#3			(* CNT := CNT + 1; *)
#4			LD		CNT	{LNXT:2|2|-1}
(*) UNDEF
3500009C  E59FB010		ldr r11, [pc, #+16] ; 0x3100000C
350000A0  E1DB00F0		ldrsh r0, [r11]

#5			ADD		1	{LNXT:2|2|-1}
(*) INT
350000A4  E2800001		add r0, r0, #1

#6			ST		CNT	{LNXT:2|2|-1}
(*) INT
350000A8  E59FB004		ldr r11, [pc, #+4] ; 0x3100000C
350000AC  E1CB00B0		strh r0, [r11]

350000B0  EA000000		b #0

350000B4  3100000C		; 0x3100000C

END_PROGRAM
**************************************************
	List program: ACT1
**************************************************

PROGRAM ACT1

        VAR
P AT %IX0.7 : BOOL;
Q AT %IX0.8 : BOOL;
A AT %IX0.3 : BOOL;
B AT %IX0.4 : BOOL;
C AT %IX0.9 : BOOL;
D AT %QX0.2 : BOOL;
E AT %QX0.6 : BOOL;
	END_VAR

END_PROGRAM

#0			{SRC:ACT1}
#1		 
#2		  
#3			(* Network 1 *)
#4			LDN		P {R:1$13}
(*) UNDEF
350000B8  E59FB1DC		ldr r11, [pc, #+476] ; 0x1D360F7
350000BC  E5DB0000		ldrb r0, [r11]
350000C0  E3500000		cmp r0, #0
350000C4  03A00001		eqmov r0, #1
350000C8  13A00000		nemov r0, #0

#5			ANDN		E {R:1$15}
(*) BOOL
350000CC  E59FB1D8		ldr r11, [pc, #+472] ; 0x1D36136
350000D0  E5DBB000		ldrb r11, [r11]
350000D4  E35B0000		cmp r11, #0
350000D8  03A0B001		eqmov r11, #1
350000DC  13A0B000		nemov r11, #0
350000E0  E000000B		and r0, r0, r11

#6			ANDN		Q {R:1$26}
(*) BOOL
350000E4  E59FB1B4		ldr r11, [pc, #+436] ; 0x1D360F8
350000E8  E5DBB000		ldrb r11, [r11]
350000EC  E35B0000		cmp r11, #0
350000F0  03A0B001		eqmov r11, #1
350000F4  13A0B000		nemov r11, #0
350000F8  E000000B		and r0, r0, r11

#7			AND		C {R:1$25}
(*) BOOL
350000FC  E59FB1A0		ldr r11, [pc, #+416] ; 0x1D360F9
35000100  E5DBB000		ldrb r11, [r11]
35000104  E000000B		and r0, r0, r11

#8			OR(		Q {R:1$17}
(*) BOOL
35000108  E24DD008		sub sp, sp, #8
3500010C  E58D0000		str r0, [sp]
35000110  E59FB188		ldr r11, [pc, #+392] ; 0x1D360F8
35000114  E5DB0000		ldrb r0, [r11]

#9			NOT
#10			AND		B {R:1$23}
(*) BOOL
35000118  E3500000		cmp r0, #0
3500011C  03A00001		eqmov r0, #1
35000120  13A00000		nemov r0, #0

(*) BOOL
35000124  E59FB16C		ldr r11, [pc, #+364] ; 0x1D360F4
35000128  E5DBB000		ldrb r11, [r11]
3500012C  E000000B		and r0, r0, r11

#11			ANDN		E {R:1$27}
(*) BOOL
35000130  E59FB174		ldr r11, [pc, #+372] ; 0x1D36136
35000134  E5DBB000		ldrb r11, [r11]
35000138  E35B0000		cmp r11, #0
3500013C  03A0B001		eqmov r11, #1
35000140  13A0B000		nemov r11, #0
35000144  E000000B		and r0, r0, r11

#12			)
#13			OR		D {R:1$21}
(*) BOOL
35000148  E1A0B000		mov r11, r0
3500014C  E59D0000		ldr r0, [sp]
35000150  E28DD008		add sp, sp, #8
35000154  E180000B		orr r0, r0, r11

(*) BOOL
35000158  E59FB148		ldr r11, [pc, #+328] ; 0x1D36132
3500015C  E5DBB000		ldrb r11, [r11]
35000160  E180000B		orr r0, r0, r11

#14			ANDN		A {R:1$0}
(*) BOOL
35000164  E59FB128		ldr r11, [pc, #+296] ; 0x1D360F3
35000168  E5DBB000		ldrb r11, [r11]
3500016C  E35B0000		cmp r11, #0
35000170  03A0B001		eqmov r11, #1
35000174  13A0B000		nemov r11, #0
35000178  E000000B		and r0, r0, r11

#15			ST		D {R:1$1}
(*) BOOL
3500017C  E59FB124		ldr r11, [pc, #+292] ; 0x1D36132
35000180  E5CB0000		strb r0, [r11]

#16		 
#17			(* Network 2 *)
#18			LD		A {R:2$0}
(*) UNDEF
35000184  E59FB108		ldr r11, [pc, #+264] ; 0x1D360F3
35000188  E5DB0000		ldrb r0, [r11]

#19			OR		E {R:2$8}
(*) BOOL
3500018C  E59FB118		ldr r11, [pc, #+280] ; 0x1D36136
35000190  E5DBB000		ldrb r11, [r11]
35000194  E180000B		orr r0, r0, r11

#20			ANDN		C {R:2$6}
(*) BOOL
35000198  E59FB104		ldr r11, [pc, #+260] ; 0x1D360F9
3500019C  E5DBB000		ldrb r11, [r11]
350001A0  E35B0000		cmp r11, #0
350001A4  03A0B001		eqmov r11, #1
350001A8  13A0B000		nemov r11, #0
350001AC  E000000B		and r0, r0, r11

#21			AND(		B {R:2$21}
(*) BOOL
350001B0  E24DD008		sub sp, sp, #8
350001B4  E58D0000		str r0, [sp]
350001B8  E59FB0D8		ldr r11, [pc, #+216] ; 0x1D360F4
350001BC  E5DB0000		ldrb r0, [r11]

#22			NOT
#23			AND		P {R:2$24}
(*) BOOL
350001C0  E3500000		cmp r0, #0
350001C4  03A00001		eqmov r0, #1
350001C8  13A00000		nemov r0, #0

(*) BOOL
350001CC  E59FB0C8		ldr r11, [pc, #+200] ; 0x1D360F7
350001D0  E5DBB000		ldrb r11, [r11]
350001D4  E000000B		and r0, r0, r11

#24			OR(		P {R:2$22}
(*) BOOL
350001D8  E24DD008		sub sp, sp, #8
350001DC  E58D0000		str r0, [sp]
350001E0  E59FB0B4		ldr r11, [pc, #+180] ; 0x1D360F7
350001E4  E5DB0000		ldrb r0, [r11]

#25			AND		B {R:2$26}
(*) BOOL
350001E8  E59FB0A8		ldr r11, [pc, #+168] ; 0x1D360F4
350001EC  E5DBB000		ldrb r11, [r11]
350001F0  E000000B		and r0, r0, r11

#26			)
#27			)
(*) BOOL
350001F4  E1A0B000		mov r11, r0
350001F8  E59D0000		ldr r0, [sp]
350001FC  E28DD008		add sp, sp, #8
35000200  E180000B		orr r0, r0, r11

#28			OR(		Q {R:2$4}
(*) BOOL
35000204  E1A0B000		mov r11, r0
35000208  E59D0000		ldr r0, [sp]
3500020C  E28DD008		add sp, sp, #8
35000210  E000000B		and r0, r0, r11

(*) BOOL
35000214  E24DD008		sub sp, sp, #8
35000218  E58D0000		str r0, [sp]
3500021C  E59FB07C		ldr r11, [pc, #+124] ; 0x1D360F8
35000220  E5DB0000		ldrb r0, [r11]

#29			AND		A {R:2$20}
(*) BOOL
35000224  E59FB068		ldr r11, [pc, #+104] ; 0x1D360F3
35000228  E5DBB000		ldrb r11, [r11]
3500022C  E000000B		and r0, r0, r11

#30			OR		E {R:2$16}
(*) BOOL
35000230  E59FB074		ldr r11, [pc, #+116] ; 0x1D36136
35000234  E5DBB000		ldrb r11, [r11]
35000238  E180000B		orr r0, r0, r11

#31			ANDN		B {R:2$14}
(*) BOOL
3500023C  E59FB054		ldr r11, [pc, #+84] ; 0x1D360F4
35000240  E5DBB000		ldrb r11, [r11]
35000244  E35B0000		cmp r11, #0
35000248  03A0B001		eqmov r11, #1
3500024C  13A0B000		nemov r11, #0
35000250  E000000B		and r0, r0, r11

#32			ANDN		C {R:2$28}
(*) BOOL
35000254  E59FB048		ldr r11, [pc, #+72] ; 0x1D360F9
35000258  E5DBB000		ldrb r11, [r11]
3500025C  E35B0000		cmp r11, #0
35000260  03A0B001		eqmov r11, #1
35000264  13A0B000		nemov r11, #0
35000268  E000000B		and r0, r0, r11

#33			)
#34			ST		E {R:2$1}
(*) BOOL
3500026C  E1A0B000		mov r11, r0
35000270  E59D0000		ldr r0, [sp]
35000274  E28DD008		add sp, sp, #8
35000278  E180000B		orr r0, r0, r11

(*) BOOL
3500027C  E59FB028		ldr r11, [pc, #+40] ; 0x1D36136
35000280  E5CB0000		strb r0, [r11]

35000284  E8BD0FF0		ldmia sp!, { r4, r5, r6, r7, r8, r9, r10, r11 }
35000288  E59DE000		ldr lr, [sp]
3500028C  E28DD008		add sp, sp, #8

35000290  E1A0F00E		mov pc, lr

35000294  FFFFFFFF		; 0x01D360F3
35000298  FFFFFFFF		; 0x01D360F4
3500029C  FFFFFFFF		; 0x01D360F7
350002A0  FFFFFFFF		; 0x01D360F8
350002A4  FFFFFFFF		; 0x01D360F9
350002A8  FFFFFFFF		; 0x01D36132
350002AC  FFFFFFFF		; 0x01D36136

END_PROGRAM


**************************************************
	Target variable image generation
**************************************************


*** INPUT:
350002B0  E1A0F00E		mov pc, lr


*** OUTPUT:
350002B4  E1A0F00E		mov pc, lr



**************************************************
	Task FAST init code
**************************************************

350002B8  E24DD008		sub sp, sp, #8
350002BC  E58DE000		str lr, [sp]
350002C0  E92D0FF0		stmdb sp!, { r4, r5, r6, r7, r8, r9, r10, r11 }

350002C4  E8BD0FF0		ldmia sp!, { r4, r5, r6, r7, r8, r9, r10, r11 }
350002C8  E59DE000		ldr lr, [sp]
350002CC  E28DD008		add sp, sp, #8

350002D0  E1A0F00E		mov pc, lr



**************************************************
	Global init code
**************************************************

350002E0  E24DD008		sub sp, sp, #8
350002E4  E58DE000		str lr, [sp]
350002E8  E92D0FF0		stmdb sp!, { r4, r5, r6, r7, r8, r9, r10, r11 }

350002EC  E8BD0FF0		ldmia sp!, { r4, r5, r6, r7, r8, r9, r10, r11 }
350002F0  E59DE000		ldr lr, [sp]
350002F4  E28DD008		add sp, sp, #8

350002F8  E1A0F00E		mov pc, lr



**************************************************
	Global RETAIN init code
**************************************************

350002FC  E24DD008		sub sp, sp, #8
35000300  E58DE000		str lr, [sp]
35000304  E92D0FF0		stmdb sp!, { r4, r5, r6, r7, r8, r9, r10, r11 }

35000308  E8BD0FF0		ldmia sp!, { r4, r5, r6, r7, r8, r9, r10, r11 }
3500030C  E59DE000		ldr lr, [sp]
35000310  E28DD008		add sp, sp, #8

35000314  E1A0F00E		mov pc, lr



********************************************
MEMORY MAP
********************************************

Code area type:			main code
Start code area:		35000000h
End code area:			35000320h
Code size:			     320h

Start local data area:		31000000h
End local data area:		3100000Eh
Local data size:		       Eh

Start retentive data area:	31040000h
End retentive data area:	31040000h
Retentive data size:		       0h

Start bit data area:		       0h
End bit data area:		       0h
Bit data size:			       0h



********************************************
CODE ID:                                D8ECC527
DEBUG MEMO ID:                          3500F0FE
FULL MEMO ID:                           0000CA56
********************************************
